#
# A fatal error has been detected by the Java Runtime Environment:
#
#  SIGSEGV (0xb) at pc=0x00007f7a116d1a8e, pid=10027, tid=0x00007f79f5555700
#
# JRE version: Java(TM) SE Runtime Environment (8.0_144-b01) (build 1.8.0_144-b01)
# Java VM: Java HotSpot(TM) 64-Bit Server VM (25.144-b01 mixed mode linux-amd64 compressed oops)
# Problematic frame:
# V  [libjvm.so+0x639a8e]  PhaseChaitin::interfere_with_live(unsigned int, IndexSet*)+0x1ce
#
# Failed to write core dump. Core dumps have been disabled. To enable core dumping, try "ulimit -c unlimited" before starting Java again
#
# If you would like to submit a bug report, please visit:
#   http://bugreport.java.com/bugreport/crash.jsp
#

---------------  T H R E A D  ---------------

Current thread (0x00007f7a0c490000):  JavaThread "C2 CompilerThread1" daemon [_thread_in_native, id=10053, stack(0x00007f79f5455000,0x00007f79f5556000)]

siginfo: si_signo: 11 (SIGSEGV), si_code: 128 (SI_KERNEL), si_addr: 0x0000000000000000

Registers:
RAX=0x0000000040000000, RBX=0x000000000000021e, RCX=0x000000000000001e, RDX=0x0000000000000000
RSP=0x00007f79f5551410, RBP=0x00007f79f55514a0, RSI=0x00007f79f55518b0, RDI=0x08007f7a12054400
R8 =0x0000000000000001, R9 =0x0000000040000000, R10=0x0000000000000000, R11=0x0000000000000000
R12=0x00007f79c4244760, R13=0x0000000000000010, R14=0x00007f79c420f2d0, R15=0x00007f79f5552ff0
RIP=0x00007f7a116d1a8e, EFLAGS=0x0000000000010206, CSGSFS=0x0000000000000033, ERR=0x0000000000000000
  TRAPNO=0x000000000000000d

Top of Stack: (sp=0x00007f79f5551410)
0x00007f79f5551410:   0000000000000525 00007f79f5551430
0x00007f79f5551420:   0000000000033720 0000052511b12c06
0x00007f79f5551430:   0000022300000000 00007f7a00000001
0x00007f79f5551440:   00007f79cc161c80 00007f7a00000003
0x00007f79f5551450:   00007f79f5551570 00007f7900000006
0x00007f79f5551460:   00007f79f5551560 00007f79f5551560
0x00007f79f5551470:   00007f79f5551480 00007f79f5552ff0
0x00007f79f5551480:   00007f79c4244728 00007f79c4244760
0x00007f79f5551490:   0000000000021708 00007f79cc0406a0
0x00007f79f55514a0:   00007f79f5551740 00007f7a116d2382
0x00007f79f55514b0:   00007f79f5551510 0000000000000002
0x00007f79f55514c0:   00007f79f5551680 00007f79f55516e0
0x00007f79f55514d0:   00007f79f5551600 000000000000000c
0x00007f79f55514e0:   00007f79f5551640 00007f79f5551560
0x00007f79f55514f0:   00007f79f5552ff0 38ba95a5c0000000
0x00007f79f5551500:   0000000000000000 0000011b00000000
0x00007f79f5551510:   00007f79cc109940 000000030000000d
0x00007f79f5551520:   38c3f03c50000000 000005250000000c
0x00007f79f5551530:   000f423f0000009d 00007f79cc109950
0x00007f79f5551540:   fffffffe00000001 0000000000000003
0x00007f79f5551550:   000000040000000e ffffffffffffffff
0x00007f79f5551560:   00007f7900000007 00007f79f5551570
0x00007f79f5551570:   00007f79cc161ca0 00007f7a12054400
0x00007f79f5551580:   00007f79cc161c80 00007f7a12054400
0x00007f79f5551590:   00007f7a12054400 00007f79cc161c40
0x00007f79f55515a0:   00007f79f5551850 0000000000000006
0x00007f79f55515b0:   00007f79f5551670 00007f79c4244e90
0x00007f79f55515c0:   00007f79cc0234a0 00007f79f5551647
0x00007f79f55515d0:   00007f79c8144150 00007f7a1211353c
0x00007f79f55515e0:   00007f79f5551850 00007f79c424a300
0x00007f79f55515f0:   0000000000000006 00007f79cc024650
0x00007f79f5551600:   0000000500000000 0303030300000008 

Instructions: (pc=0x00007f7a116d1a8e)
0x00007f7a116d1a6e:   c2 48 3b 3d 1a ac 93 00 74 33 41 c1 ed 05 89 d9
0x00007f7a116d1a7e:   b8 01 00 00 00 4c 89 ea 83 e1 1f 83 e2 07 d3 e0
0x00007f7a116d1a8e:   8b 34 97 89 c1 89 f0 09 c8 85 ce 89 04 97 0f 85
0x00007f7a116d1a9e:   7e fe ff ff 41 83 06 01 e9 75 fe ff ff 4c 89 f7 

Register to memory mapping:

RAX=0x0000000040000000 is an unknown value
RBX=0x000000000000021e is an unknown value
RCX=0x000000000000001e is an unknown value
RDX=0x0000000000000000 is an unknown value
RSP=0x00007f79f5551410 is pointing into the stack for thread: 0x00007f7a0c490000
RBP=0x00007f79f55514a0 is pointing into the stack for thread: 0x00007f7a0c490000
RSI=0x00007f79f55518b0 is pointing into the stack for thread: 0x00007f7a0c490000
RDI=0x08007f7a12054400 is an unknown value
R8 =0x0000000000000001 is an unknown value
R9 =0x0000000040000000 is an unknown value
R10=0x0000000000000000 is an unknown value
R11=0x0000000000000000 is an unknown value
R12=0x00007f79c4244760 is an unknown value
R13=0x0000000000000010 is an unknown value
R14=0x00007f79c420f2d0 is an unknown value
R15=0x00007f79f5552ff0 is pointing into the stack for thread: 0x00007f7a0c490000


Stack: [0x00007f79f5455000,0x00007f79f5556000],  sp=0x00007f79f5551410,  free space=1009k
Native frames: (J=compiled Java code, j=interpreted, Vv=VM code, C=native code)
V  [libjvm.so+0x639a8e]  PhaseChaitin::interfere_with_live(unsigned int, IndexSet*)+0x1ce
V  [libjvm.so+0x63a382]  PhaseChaitin::build_ifg_physical(ResourceArea*)+0x8c2
V  [libjvm.so+0x411a5d]  PhaseChaitin::Register_Allocate()+0xe6d
V  [libjvm.so+0x4a5d20]  Compile::Code_Gen()+0x260
V  [libjvm.so+0x4a85a1]  Compile::Compile(ciEnv*, C2Compiler*, ciMethod*, int, bool, bool, bool)+0x14b1
V  [libjvm.so+0x3f4e45]  C2Compiler::compile_method(ciEnv*, ciMethod*, int)+0x1f5
V  [libjvm.so+0x4b2afa]  CompileBroker::invoke_compiler_on_method(CompileTask*)+0xc9a
V  [libjvm.so+0x4b3aa6]  CompileBroker::compiler_thread_loop()+0x5d6
V  [libjvm.so+0xa79753]  JavaThread::thread_main_inner()+0x103
V  [libjvm.so+0xa7989c]  JavaThread::run()+0x11c
V  [libjvm.so+0x92a338]  java_start(Thread*)+0x108
C  [libpthread.so.0+0x76ba]  start_thread+0xca


Current CompileTask:
C2:    958  679  s!   4       sun.misc.URLClassPath::getLoader (243 bytes)


---------------  P R O C E S S  ---------------

Java Threads: ( => current thread )
  0x00007f7a0c6b0800 JavaThread "background-preinit" [_thread_in_vm, id=10058, stack(0x00007f79f4bdf000,0x00007f79f4ce0000)]
  0x00007f7a0c497800 JavaThread "Service Thread" daemon [_thread_blocked, id=10055, stack(0x00007f79f503c000,0x00007f79f513d000)]
  0x00007f7a0c492800 JavaThread "C1 CompilerThread2" daemon [_thread_blocked, id=10054, stack(0x00007f79f5354000,0x00007f79f5455000)]
=>0x00007f7a0c490000 JavaThread "C2 CompilerThread1" daemon [_thread_in_native, id=10053, stack(0x00007f79f5455000,0x00007f79f5556000)]
  0x00007f7a0c48e800 JavaThread "C2 CompilerThread0" daemon [_thread_blocked, id=10052, stack(0x00007f79f5556000,0x00007f79f5657000)]
  0x00007f7a0c48c800 JavaThread "Monitor Ctrl-Break" daemon [_thread_in_native, id=10051, stack(0x00007f79f5657000,0x00007f79f5758000)]
  0x00007f7a0c182800 JavaThread "Signal Dispatcher" daemon [_thread_blocked, id=10044, stack(0x00007f79f598c000,0x00007f79f5a8d000)]
  0x00007f7a0c14f800 JavaThread "Finalizer" daemon [_thread_blocked, id=10043, stack(0x00007f79f5e96000,0x00007f79f5f97000)]
  0x00007f7a0c14b000 JavaThread "Reference Handler" daemon [_thread_blocked, id=10042, stack(0x00007f79f5f97000,0x00007f79f6098000)]
  0x00007f7a0c00e000 JavaThread "main" [_thread_in_vm, id=10029, stack(0x00007f7a12b96000,0x00007f7a12c97000)]

Other Threads:
  0x00007f7a0c143000 VMThread [stack: 0x00007f79f6098000,0x00007f79f6199000] [id=10041]
  0x00007f7a0c49a000 WatcherThread [stack: 0x00007f79f4f3b000,0x00007f79f503c000] [id=10056]

VM state:not at safepoint (normal execution)

VM Mutex/Monitor currently owned by a thread: None

Heap:
 PSYoungGen      total 36864K, used 16866K [0x00000000d6d80000, 0x00000000d9680000, 0x0000000100000000)
  eden space 31744K, 40% used [0x00000000d6d80000,0x00000000d79e9910,0x00000000d8c80000)
  from space 5120K, 81% used [0x00000000d8c80000,0x00000000d908f128,0x00000000d9180000)
  to   space 5120K, 0% used [0x00000000d9180000,0x00000000d9180000,0x00000000d9680000)
 ParOldGen       total 84992K, used 8K [0x0000000084800000, 0x0000000089b00000, 0x00000000d6d80000)
  object space 84992K, 0% used [0x0000000084800000,0x0000000084802000,0x0000000089b00000)
 Metaspace       used 9901K, capacity 9994K, committed 10240K, reserved 1058816K
  class space    used 1222K, capacity 1239K, committed 1280K, reserved 1048576K

Card table byte_map: [0x00007f79fc22a000,0x00007f79fc607000] byte_map_base: 0x00007f79fbe06000

Marking Bits: (ParMarkBitMap*) 0x00007f7a12061dc0
 Begin Bits: [0x00007f79f7ed4000, 0x00007f79f9db4000)
 End Bits:   [0x00007f79f9db4000, 0x00007f79fbc94000)

Polling page: 0x00007f7a12cb2000

CodeCache: size=245760Kb used=2843Kb max_used=2852Kb free=242916Kb
 bounds [0x00007f79fc9c7000, 0x00007f79fcc97000, 0x00007f7a0b9c7000]
 total_blobs=980 nmethods=686 adapters=208
 compilation: enabled

Compilation events (10 events):
Event: 0,902 Thread 0x00007f7a0c492800  680       3       java.util.Objects::requireNonNull (14 bytes)
Event: 0,902 Thread 0x00007f7a0c492800 nmethod 680 0x00007f79fcc7d110 code [0x00007f79fcc7d280, 0x00007f79fcc7d4a8]
Event: 0,911 Thread 0x00007f7a0c492800  683       3       ch.qos.logback.classic.Logger::getChildByName (68 bytes)
Event: 0,912 Thread 0x00007f7a0c492800 nmethod 683 0x00007f79fcc7c310 code [0x00007f79fcc7c4c0, 0x00007f79fcc7cb68]
Event: 0,944 Thread 0x00007f7a0c492800  684       3       java.util.jar.Attributes$Name::equals (39 bytes)
Event: 0,944 Thread 0x00007f7a0c48e800 nmethod 678 0x00007f79fcc8c410 code [0x00007f79fcc8c680, 0x00007f79fcc8df70]
Event: 0,944 Thread 0x00007f7a0c492800 nmethod 684 0x00007f79fcc8bc90 code [0x00007f79fcc8be20, 0x00007f79fcc8c2c8]
Event: 0,952 Thread 0x00007f7a0c492800  686   !   3       java.lang.StringCoding::encode (120 bytes)
Event: 0,954 Thread 0x00007f7a0c492800 nmethod 686 0x00007f79fcc88f10 code [0x00007f79fcc89260, 0x00007f79fcc8ad18]
Event: 0,954 Thread 0x00007f7a0c492800  685   !   3       java.lang.Package::getSystemPackage (63 bytes)

GC Heap History (2 events):
Event: 0,844 GC heap before
{Heap before GC invocations=1 (full 0):
 PSYoungGen      total 36864K, used 31744K [0x00000000d6d80000, 0x00000000d9680000, 0x0000000100000000)
  eden space 31744K, 100% used [0x00000000d6d80000,0x00000000d8c80000,0x00000000d8c80000)
  from space 5120K, 0% used [0x00000000d9180000,0x00000000d9180000,0x00000000d9680000)
  to   space 5120K, 0% used [0x00000000d8c80000,0x00000000d8c80000,0x00000000d9180000)
 ParOldGen       total 84992K, used 0K [0x0000000084800000, 0x0000000089b00000, 0x00000000d6d80000)
  object space 84992K, 0% used [0x0000000084800000,0x0000000084800000,0x0000000089b00000)
 Metaspace       used 8298K, capacity 8394K, committed 8576K, reserved 1056768K
  class space    used 1000K, capacity 1047K, committed 1152K, reserved 1048576K
Event: 0,849 GC heap after
Heap after GC invocations=1 (full 0):
 PSYoungGen      total 36864K, used 4156K [0x00000000d6d80000, 0x00000000d9680000, 0x0000000100000000)
  eden space 31744K, 0% used [0x00000000d6d80000,0x00000000d6d80000,0x00000000d8c80000)
  from space 5120K, 81% used [0x00000000d8c80000,0x00000000d908f128,0x00000000d9180000)
  to   space 5120K, 0% used [0x00000000d9180000,0x00000000d9180000,0x00000000d9680000)
 ParOldGen       total 84992K, used 8K [0x0000000084800000, 0x0000000089b00000, 0x00000000d6d80000)
  object space 84992K, 0% used [0x0000000084800000,0x0000000084802000,0x0000000089b00000)
 Metaspace       used 8298K, capacity 8394K, committed 8576K, reserved 1056768K
  class space    used 1000K, capacity 1047K, committed 1152K, reserved 1048576K
}

Deoptimization events (3 events):
Event: 0,614 Thread 0x00007f7a0c00e000 Uncommon trap: reason=unstable_if action=reinterpret pc=0x00007f79fcb419d0 method=java.lang.String.indexOf([CII[CIII)I @ 3
Event: 0,895 Thread 0x00007f7a0c6b0800 Uncommon trap: reason=bimorphic action=maybe_recompile pc=0x00007f79fcc814f4 method=java.util.HashMap.putVal(ILjava/lang/Object;Ljava/lang/Object;ZZ)Ljava/lang/Object; @ 56
Event: 0,895 Thread 0x00007f7a0c6b0800 Uncommon trap: reason=bimorphic action=maybe_recompile pc=0x00007f79fcc814f4 method=java.util.HashMap.putVal(ILjava/lang/Object;Ljava/lang/Object;ZZ)Ljava/lang/Object; @ 56

Internal exceptions (10 events):
Event: 0,535 Thread 0x00007f7a0c00e000 Exception <a 'java/lang/ArrayIndexOutOfBoundsException'> (0x00000000d7bf0708) thrown at [/HUDSON3/workspace/8-2-build-linux-amd64/jdk8u144/9417/hotspot/src/share/vm/runtime/sharedRuntime.cpp, line 605]
Event: 0,536 Thread 0x00007f7a0c00e000 Exception <a 'java/lang/ArrayIndexOutOfBoundsException'> (0x00000000d7bfa760) thrown at [/HUDSON3/workspace/8-2-build-linux-amd64/jdk8u144/9417/hotspot/src/share/vm/runtime/sharedRuntime.cpp, line 605]
Event: 0,537 Thread 0x00007f7a0c00e000 Exception <a 'java/lang/ArrayIndexOutOfBoundsException'> (0x00000000d7c05918) thrown at [/HUDSON3/workspace/8-2-build-linux-amd64/jdk8u144/9417/hotspot/src/share/vm/runtime/sharedRuntime.cpp, line 605]
Event: 0,539 Thread 0x00007f7a0c00e000 Exception <a 'java/lang/ArrayIndexOutOfBoundsException'> (0x00000000d7c12680) thrown at [/HUDSON3/workspace/8-2-build-linux-amd64/jdk8u144/9417/hotspot/src/share/vm/runtime/sharedRuntime.cpp, line 605]
Event: 0,541 Thread 0x00007f7a0c00e000 Exception <a 'java/lang/ArrayIndexOutOfBoundsException'> (0x00000000d7c20658) thrown at [/HUDSON3/workspace/8-2-build-linux-amd64/jdk8u144/9417/hotspot/src/share/vm/runtime/sharedRuntime.cpp, line 605]
Event: 0,554 Thread 0x00007f7a0c00e000 Exception <a 'java/lang/ArrayIndexOutOfBoundsException'> (0x00000000d7cf1660) thrown at [/HUDSON3/workspace/8-2-build-linux-amd64/jdk8u144/9417/hotspot/src/share/vm/runtime/sharedRuntime.cpp, line 605]
Event: 0,555 Thread 0x00007f7a0c00e000 Exception <a 'java/lang/ArrayIndexOutOfBoundsException'> (0x00000000d7cfb638) thrown at [/HUDSON3/workspace/8-2-build-linux-amd64/jdk8u144/9417/hotspot/src/share/vm/runtime/sharedRuntime.cpp, line 605]
Event: 0,627 Thread 0x00007f7a0c00e000 Exception <a 'java/io/FileNotFoundException'> (0x00000000d819ae18) thrown at [/HUDSON3/workspace/8-2-build-linux-amd64/jdk8u144/9417/hotspot/src/share/vm/prims/jni.cpp, line 709]
Event: 0,725 Thread 0x00007f7a0c00e000 Exception <a 'java/lang/ClassNotFoundException': java/lang/ObjectCustomizer> (0x00000000d87f6330) thrown at [/HUDSON3/workspace/8-2-build-linux-amd64/jdk8u144/9417/hotspot/src/share/vm/classfile/systemDictionary.cpp, line 210]
Event: 0,731 Thread 0x00007f7a0c00e000 Exception <a 'java/lang/ClassNotFoundException': org/springframework/boot/SpringApplicationCustomizer> (0x00000000d8823018) thrown at [/HUDSON3/workspace/8-2-build-linux-amd64/jdk8u144/9417/hotspot/src/share/vm/classfile/systemDictionary.cpp, line 210]

Events (10 events):
Event: 0,952 loading class javax/persistence/EntityManagerFactory
Event: 0,952 loading class javax/persistence/EntityManagerFactory done
Event: 0,952 loading class javax/persistence$EntityManagerFactory
Event: 0,952 loading class javax/persistence$EntityManagerFactory done
Event: 0,953 loading class org/springframework/context/annotation/ContextAnnotationAutowireCandidateResolver
Event: 0,953 loading class org/springframework/context/annotation/ContextAnnotationAutowireCandidateResolver done
Event: 0,953 loading class org/springframework/beans/factory/annotation/QualifierAnnotationAutowireCandidateResolver
Event: 0,953 loading class org/springframework/beans/factory/annotation/QualifierAnnotationAutowireCandidateResolver done
Event: 0,953 loading class org/springframework/beans/factory/support/GenericTypeAwareAutowireCandidateResolver
Event: 0,953 loading class org/springframework/beans/factory/support/GenericTypeAwareAutowireCandidateResolver done


Dynamic libraries:
00400000-00401000 r-xp 00000000 08:02 23333175                           /usr/lib/jvm/java-8-oracle/bin/java
00600000-00601000 rw-p 00000000 08:02 23333175                           /usr/lib/jvm/java-8-oracle/bin/java
01eff000-01f20000 rw-p 00000000 00:00 0                                  [heap]
84800000-89b00000 rw-p 00000000 00:00 0 
89b00000-d6d80000 ---p 00000000 00:00 0 
d6d80000-d9680000 rw-p 00000000 00:00 0 
d9680000-100000000 ---p 00000000 00:00 0 
100000000-100140000 rw-p 00000000 00:00 0 
100140000-140000000 ---p 00000000 00:00 0 
7f79b4000000-7f79b4021000 rw-p 00000000 00:00 0 
7f79b4021000-7f79b8000000 ---p 00000000 00:00 0 
7f79b8000000-7f79b808a000 rw-p 00000000 00:00 0 
7f79b808a000-7f79bc000000 ---p 00000000 00:00 0 
7f79bc000000-7f79bc021000 rw-p 00000000 00:00 0 
7f79bc021000-7f79c0000000 ---p 00000000 00:00 0 
7f79c0fff000-7f79c4000000 rw-p 00000000 00:00 0 
7f79c4000000-7f79c44cc000 rw-p 00000000 00:00 0 
7f79c44cc000-7f79c8000000 ---p 00000000 00:00 0 
7f79c8000000-7f79c82a0000 rw-p 00000000 00:00 0 
7f79c82a0000-7f79cc000000 ---p 00000000 00:00 0 
7f79cc000000-7f79cc1a2000 rw-p 00000000 00:00 0 
7f79cc1a2000-7f79d0000000 ---p 00000000 00:00 0 
7f79d0000000-7f79d0021000 rw-p 00000000 00:00 0 
7f79d0021000-7f79d4000000 ---p 00000000 00:00 0 
7f79d4000000-7f79d4021000 rw-p 00000000 00:00 0 
7f79d4021000-7f79d8000000 ---p 00000000 00:00 0 
7f79d8000000-7f79d8021000 rw-p 00000000 00:00 0 
7f79d8021000-7f79dc000000 ---p 00000000 00:00 0 
7f79dc000000-7f79dc021000 rw-p 00000000 00:00 0 
7f79dc021000-7f79e0000000 ---p 00000000 00:00 0 
7f79e0000000-7f79e0021000 rw-p 00000000 00:00 0 
7f79e0021000-7f79e4000000 ---p 00000000 00:00 0 
7f79e4000000-7f79e4021000 rw-p 00000000 00:00 0 
7f79e4021000-7f79e8000000 ---p 00000000 00:00 0 
7f79e8000000-7f79e8021000 rw-p 00000000 00:00 0 
7f79e8021000-7f79ec000000 ---p 00000000 00:00 0 
7f79ec000000-7f79ec021000 rw-p 00000000 00:00 0 
7f79ec021000-7f79f0000000 ---p 00000000 00:00 0 
7f79f0000000-7f79f0021000 rw-p 00000000 00:00 0 
7f79f0021000-7f79f4000000 ---p 00000000 00:00 0 
7f79f49df000-7f79f4a9f000 rw-p 00000000 00:00 0 
7f79f4a9f000-7f79f4bdf000 ---p 00000000 00:00 0 
7f79f4bdf000-7f79f4be2000 ---p 00000000 00:00 0 
7f79f4be2000-7f79f4ce0000 rw-p 00000000 00:00 0 
7f79f4ce0000-7f79f4ce9000 r-xp 00000000 08:02 23464453                   /usr/lib/jvm/java-8-oracle/jre/lib/amd64/libmanagement.so
7f79f4ce9000-7f79f4ee8000 ---p 00009000 08:02 23464453                   /usr/lib/jvm/java-8-oracle/jre/lib/amd64/libmanagement.so
7f79f4ee8000-7f79f4ee9000 rw-p 00008000 08:02 23464453                   /usr/lib/jvm/java-8-oracle/jre/lib/amd64/libmanagement.so
7f79f4ee9000-7f79f4ef3000 r--s 00116000 08:02 23728641                   /usr/lib/jvm/java-8-oracle/jre/lib/ext/localedata.jar
7f79f4ef3000-7f79f4f0f000 r--s 00393000 08:02 23728644                   /usr/lib/jvm/java-8-oracle/jre/lib/ext/cldrdata.jar
7f79f4f0f000-7f79f4f16000 r--s 00000000 08:02 22811437                   /usr/lib/x86_64-linux-gnu/gconv/gconv-modules.cache
7f79f4f16000-7f79f4f3b000 r--p 00000000 08:02 24522037                   /usr/share/locale-langpack/pl/LC_MESSAGES/libc.mo
7f79f4f3b000-7f79f4f3c000 ---p 00000000 00:00 0 
7f79f4f3c000-7f79f503c000 rw-p 00000000 00:00 0 
7f79f503c000-7f79f503f000 ---p 00000000 00:00 0 
7f79f503f000-7f79f513d000 rw-p 00000000 00:00 0 
7f79f513d000-7f79f5153000 r-xp 00000000 08:02 23462395                   /usr/lib/jvm/java-8-oracle/jre/lib/amd64/libnet.so
7f79f5153000-7f79f5353000 ---p 00016000 08:02 23462395                   /usr/lib/jvm/java-8-oracle/jre/lib/amd64/libnet.so
7f79f5353000-7f79f5354000 rw-p 00016000 08:02 23462395                   /usr/lib/jvm/java-8-oracle/jre/lib/amd64/libnet.so
7f79f5354000-7f79f5357000 ---p 00000000 00:00 0 
7f79f5357000-7f79f5455000 rw-p 00000000 00:00 0 
7f79f5455000-7f79f5458000 ---p 00000000 00:00 0 
7f79f5458000-7f79f5556000 rw-p 00000000 00:00 0 
7f79f5556000-7f79f5559000 ---p 00000000 00:00 0 
7f79f5559000-7f79f5657000 rw-p 00000000 00:00 0 
7f79f5657000-7f79f565a000 ---p 00000000 00:00 0 
7f79f565a000-7f79f5758000 rw-p 00000000 00:00 0 
7f79f5758000-7f79f575a000 r--s 0001a000 08:02 6817074                    /home/tomek-s/Intellij/lib/idea_rt.jar
7f79f575a000-7f79f575c000 r--s 00003000 08:02 8127048                    /home/tomek-s/.m2/repository/org/mapstruct/mapstruct/1.1.0.Final/mapstruct-1.1.0.Final.jar
7f79f575c000-7f79f575e000 r--s 00000000 08:02 7735866                    /home/tomek-s/.m2/repository/org/springframework/plugin/spring-plugin-metadata/1.2.0.RELEASE/spring-plugin-metadata-1.2.0.RELEASE.jar
7f79f575e000-7f79f575f000 r--s 00004000 08:02 7735890                    /home/tomek-s/.m2/repository/org/springframework/plugin/spring-plugin-core/1.2.0.RELEASE/spring-plugin-core-1.2.0.RELEASE.jar
7f79f575f000-7f79f5761000 r--s 0000e000 08:02 7733602                    /home/tomek-s/.m2/repository/com/fasterxml/classmate/1.3.4/classmate-1.3.4.jar
7f79f5761000-7f79f5764000 r--s 00013000 08:02 8127068                    /home/tomek-s/.m2/repository/io/springfox/springfox-swagger-common/2.7.0/springfox-swagger-common-2.7.0.jar
7f79f5764000-7f79f5767000 r--s 00010000 08:02 8127065                    /home/tomek-s/.m2/repository/io/springfox/springfox-schema/2.7.0/springfox-schema-2.7.0.jar
7f79f5767000-7f79f57a2000 r--s 00270000 08:02 8127063                    /home/tomek-s/.m2/repository/net/bytebuddy/byte-buddy/1.6.14/byte-buddy-1.6.14.jar
7f79f57a2000-7f79f57a6000 r--s 00017000 08:02 8127066                    /home/tomek-s/.m2/repository/io/springfox/springfox-core/2.7.0/springfox-core-2.7.0.jar
7f79f57a6000-7f79f57a9000 r--s 0000a000 08:02 8127057                    /home/tomek-s/.m2/repository/io/springfox/springfox-spi/2.7.0/springfox-spi-2.7.0.jar
7f79f57a9000-7f79f57ac000 r--s 00020000 08:02 8127059                    /home/tomek-s/.m2/repository/io/swagger/swagger-models/1.5.13/swagger-models-1.5.13.jar
7f79f57ac000-7f79f57ae000 r--s 00004000 08:02 8127053                    /home/tomek-s/.m2/repository/io/swagger/swagger-annotations/1.5.13/swagger-annotations-1.5.13.jar
7f79f57ae000-7f79f57b1000 r--s 0000d000 08:02 8127051                    /home/tomek-s/.m2/repository/io/springfox/springfox-swagger2/2.7.0/springfox-swagger2-2.7.0.jar
7f79f57b1000-7f79f57bb000 r--s 000aa000 08:02 8127047                    /home/tomek-s/.m2/repository/org/javassist/javassist/3.21.0-GA/javassist-3.21.0-GA.jar
7f79f57bb000-7f79f57be000 r--s 0001d000 08:02 7471543                    /home/tomek-s/.m2/repository/org/reflections/reflections/0.9.11/reflections-0.9.11.jar
7f79f57be000-7f79f57c3000 r--s 00026000 08:02 8127049                    /home/tomek-s/.m2/repository/io/springfox/springfox-spring-web/2.7.0/springfox-spring-web-2.7.0.jar
7f79f57c3000-7f79f57c6000 r--s 00065000 08:02 8127043                    /home/tomek-s/.m2/repository/io/springfox/springfox-swagger-ui/2.7.0/springfox-swagger-ui-2.7.0.jar
7f79f57c6000-7f79f57c8000 r--s 00023000 08:02 7341372                    /home/tomek-s/.m2/repository/org/webjars/swagger-ui/2.0.12/swagger-ui-2.0.12.jar
7f79f57c8000-7f79f57cc000 r--s 0004b000 08:02 7864859                    /home/tomek-s/.m2/repository/com/fasterxml/jackson/core/jackson-core/2.9.1/jackson-core-2.9.1.jar
7f79f57cc000-7f79f57f7000 r--s 001fc000 08:02 7734417                    /home/tomek-s/.m2/repository/com/google/guava/guava/18.0/guava-18.0.jar
7f79f57f7000-7f79f57f9000 r--s 00003000 08:02 7733580                    /home/tomek-s/.m2/repository/org/slf4j/jcl-over-slf4j/1.7.25/jcl-over-slf4j-1.7.25.jar
7f79f57f9000-7f79f57fb000 r--s 00009000 08:02 7733636                    /home/tomek-s/.m2/repository/org/slf4j/slf4j-api/1.7.25/slf4j-api-1.7.25.jar
7f79f57fb000-7f79f57ff000 r--s 00019000 08:02 7735870                    /home/tomek-s/.m2/repository/org/aspectj/aspectjrt/1.8.10/aspectjrt-1.8.10.jar
7f79f57ff000-7f79f580d000 r--s 000ad000 08:02 7733622                    /home/tomek-s/.m2/repository/org/springframework/spring-beans/4.3.11.RELEASE/spring-beans-4.3.11.RELEASE.jar
7f79f580d000-7f79f5815000 r--s 0003a000 08:02 7741706                    /home/tomek-s/.m2/repository/org/springframework/spring-tx/4.3.11.RELEASE/spring-tx-4.3.11.RELEASE.jar
7f79f5815000-7f79f581e000 r--s 00054000 08:02 7733612                    /home/tomek-s/.m2/repository/org/springframework/spring-aop/4.3.11.RELEASE/spring-aop-4.3.11.RELEASE.jar
7f79f581e000-7f79f5837000 r--s 000fe000 08:02 7733566                    /home/tomek-s/.m2/repository/org/springframework/spring-context/4.3.11.RELEASE/spring-context-4.3.11.RELEASE.jar
7f79f5837000-7f79f5841000 r--s 0005f000 08:02 7741710                    /home/tomek-s/.m2/repository/org/springframework/spring-jdbc/4.3.11.RELEASE/spring-jdbc-4.3.11.RELEASE.jar
7f79f5841000-7f79f584b000 r--s 0006b000 08:02 7741708                    /home/tomek-s/.m2/repository/org/springframework/spring-orm/4.3.11.RELEASE/spring-orm-4.3.11.RELEASE.jar
7f79f584b000-7f79f585e000 r--s 000ad000 08:02 7741704                    /home/tomek-s/.m2/repository/org/springframework/data/spring-data-commons/1.13.7.RELEASE/spring-data-commons-1.13.7.RELEASE.jar
7f79f585e000-7f79f5865000 r--s 0003e000 08:02 7603570                    /home/tomek-s/.m2/repository/org/springframework/data/spring-data-jpa/1.10.4.RELEASE/spring-data-jpa-1.10.4.RELEASE.jar
7f79f5865000-7f79f5867000 r--s 00002000 08:02 7471424                    /home/tomek-s/.m2/repository/org/atteo/evo-inflector/1.2.2/evo-inflector-1.2.2.jar
7f79f5867000-7f79f586c000 r--s 0002d000 08:02 7735895                    /home/tomek-s/.m2/repository/org/springframework/hateoas/spring-hateoas/0.23.0.RELEASE/spring-hateoas-0.23.0.RELEASE.jar
7f79f586c000-7f79f5871000 r--s 0001b000 08:02 7864600                    /home/tomek-s/.m2/repository/org/springframework/data/spring-data-rest-core/2.6.7.RELEASE/spring-data-rest-core-2.6.7.RELEASE.jar
7f79f5871000-7f79f5878000 r--s 00046000 08:02 7864601                    /home/tomek-s/.m2/repository/org/springframework/data/spring-data-rest-webmvc/2.6.7.RELEASE/spring-data-rest-webmvc-2.6.7.RELEASE.jar
7f79f5878000-7f79f587b000 r--s 0000b000 08:02 7733606                    /home/tomek-s/.m2/repository/com/fasterxml/jackson/core/jackson-annotations/2.8.0/jackson-annotations-2.8.0.jar
7f79f587b000-7f79f587c000 r--s 00000000 08:02 7864597                    /home/tomek-s/.m2/repository/org/springframework/boot/spring-boot-starter-data-rest/1.5.7.RELEASE/spring-boot-starter-data-rest-1.5.7.RELEASE.jar
7f79f587c000-7f79f5893000 r--s 000fc000 08:02 7733652                    /home/tomek-s/.m2/repository/org/springframework/spring-core/4.3.11.RELEASE/spring-core-4.3.11.RELEASE.jar
7f79f5893000-7f79f5898000 r--s 0003c000 08:02 7733618                    /home/tomek-s/.m2/repository/org/springframework/spring-expression/4.3.11.RELEASE/spring-expression-4.3.11.RELEASE.jar
7f79f5898000-7f79f58a9000 r--s 000cf000 08:02 7733582                    /home/tomek-s/.m2/repository/org/springframework/spring-webmvc/4.3.11.RELEASE/spring-webmvc-4.3.11.RELEASE.jar
7f79f58a9000-7f79f58ba000 r--s 000b8000 08:02 7733599                    /home/tomek-s/.m2/repository/org/springframework/spring-web/4.3.11.RELEASE/spring-web-4.3.11.RELEASE.jar
7f79f58ba000-7f79f58cc000 r--s 0011e000 08:02 7733605                    /home/tomek-s/.m2/repository/com/fasterxml/jackson/core/jackson-databind/2.8.10/jackson-databind-2.8.10.jar
7f79f58cc000-7f79f58cf000 r--s 0000e000 08:02 7733600                    /home/tomek-s/.m2/repository/org/jboss/logging/jboss-logging/3.3.1.Final/jboss-logging-3.3.1.Final.jar
7f79f58cf000-7f79f58d3000 r--s 0000c000 08:02 7733598                    /home/tomek-s/.m2/repository/javax/validation/validation-api/1.1.0.Final/validation-api-1.1.0.Final.jar
7f79f58d3000-7f79f58e4000 r--s 000a1000 08:02 7733596                    /home/tomek-s/.m2/repository/org/hibernate/hibernate-validator/5.3.5.Final/hibernate-validator-5.3.5.Final.jar
7f79f58e4000-7f79f58e9000 r--s 00038000 08:02 7733594                    /home/tomek-s/.m2/repository/org/apache/tomcat/embed/tomcat-embed-websocket/8.5.20/tomcat-embed-websocket-8.5.20.jar
7f79f58e9000-7f79f58ee000 r--s 00036000 08:02 7733592                    /home/tomek-s/.m2/repository/org/apache/tomcat/embed/tomcat-embed-el/8.5.20/tomcat-embed-el-8.5.20.jar
7f79f58ee000-7f79f5918000 r--s 002c4000 08:02 7733591                    /home/tomek-s/.m2/repository/org/apache/tomcat/embed/tomcat-embed-core/8.5.20/tomcat-embed-core-8.5.20.jar
7f79f5918000-7f79f5919000 r--s 00000000 08:02 7733584                    /home/tomek-s/.m2/repository/org/springframework/boot/spring-boot-starter-tomcat/1.5.7.RELEASE/spring-boot-starter-tomcat-1.5.7.RELEASE.jar
7f79f5919000-7f79f591f000 r--s 0003d000 08:02 7733583                    /home/tomek-s/.m2/repository/org/yaml/snakeyaml/1.17/snakeyaml-1.17.jar
7f79f591f000-7f79f592a000 r--s 0006a000 08:02 7733576                    /home/tomek-s/.m2/repository/ch/qos/logback/logback-core/1.1.11/logback-core-1.1.11.jar
7f79f592a000-7f79f5931000 r--s 00045000 08:02 7733572                    /home/tomek-s/.m2/repository/ch/qos/logback/logback-classic/1.1.11/logback-classic-1.1.11.jar
7f79f5931000-7f79f5951000 r--s 000e6000 08:02 7733624                    /home/tomek-s/.m2/repository/org/springframework/boot/spring-boot-autoconfigure/1.5.7.RELEASE/spring-boot-autoconfigure-1.5.7.RELEASE.jar
7f79f5951000-7f79f5961000 r--s 00095000 08:02 7604505                    /home/tomek-s/.m2/repository/org/springframework/boot/spring-boot/1.5.7.RELEASE/spring-boot-1.5.7.RELEASE.jar
7f79f5961000-7f79f5974000 r--s 00345000 08:02 23333241                   /usr/lib/jvm/java-8-oracle/jre/lib/resources.jar
7f79f5974000-7f79f5987000 r--s 000d6000 08:02 23333240                   /usr/lib/jvm/java-8-oracle/jre/lib/plugin.jar
7f79f5987000-7f79f598c000 r--s 0009a000 08:02 23333201                   /usr/lib/jvm/java-8-oracle/jre/lib/jsse.jar
7f79f598c000-7f79f598f000 ---p 00000000 00:00 0 
7f79f598f000-7f79f5a8d000 rw-p 00000000 00:00 0 
7f79f5a8d000-7f79f5e96000 r--p 00000000 08:02 22545301                   /usr/lib/locale/locale-archive
7f79f5e96000-7f79f5e99000 ---p 00000000 00:00 0 
7f79f5e99000-7f79f5f97000 rw-p 00000000 00:00 0 
7f79f5f97000-7f79f5f9a000 ---p 00000000 00:00 0 
7f79f5f9a000-7f79f6098000 rw-p 00000000 00:00 0 
7f79f6098000-7f79f6099000 ---p 00000000 00:00 0 
7f79f6099000-7f79f70a8000 rw-p 00000000 00:00 0 
7f79f70a8000-7f79f7282000 r--s 03d4d000 08:02 23333222                   /usr/lib/jvm/java-8-oracle/jre/lib/rt.jar
7f79f7282000-7f79fbc94000 rw-p 00000000 00:00 0 
7f79fbc94000-7f79fbc95000 ---p 00000000 00:00 0 
7f79fbc95000-7f79fbd95000 rw-p 00000000 00:00 0 
7f79fbd95000-7f79fbd96000 ---p 00000000 00:00 0 
7f79fbd96000-7f79fbe96000 rw-p 00000000 00:00 0 
7f79fbe96000-7f79fbe97000 ---p 00000000 00:00 0 
7f79fbe97000-7f79fbfc1000 rw-p 00000000 00:00 0 
7f79fbfc1000-7f79fc22a000 ---p 00000000 00:00 0 
7f79fc22a000-7f79fc254000 rw-p 00000000 00:00 0 
7f79fc254000-7f79fc4bc000 ---p 00000000 00:00 0 
7f79fc4bc000-7f79fc4d2000 rw-p 00000000 00:00 0 
7f79fc4d2000-7f79fc606000 ---p 00000000 00:00 0 
7f79fc606000-7f79fc613000 rw-p 00000000 00:00 0 
7f79fc613000-7f79fc9c7000 ---p 00000000 00:00 0 
7f79fc9c7000-7f79fcc97000 rwxp 00000000 00:00 0 
7f79fcc97000-7f7a0b9c7000 ---p 00000000 00:00 0 
7f7a0b9c7000-7f7a0b9e1000 r-xp 00000000 08:02 23464440                   /usr/lib/jvm/java-8-oracle/jre/lib/amd64/libzip.so
7f7a0b9e1000-7f7a0bbe1000 ---p 0001a000 08:02 23464440                   /usr/lib/jvm/java-8-oracle/jre/lib/amd64/libzip.so
7f7a0bbe1000-7f7a0bbe2000 rw-p 0001a000 08:02 23464440                   /usr/lib/jvm/java-8-oracle/jre/lib/amd64/libzip.so
7f7a0bbe2000-7f7a0bbed000 r-xp 00000000 08:02 58982484                   /lib/x86_64-linux-gnu/libnss_files-2.23.so
7f7a0bbed000-7f7a0bdec000 ---p 0000b000 08:02 58982484                   /lib/x86_64-linux-gnu/libnss_files-2.23.so
7f7a0bdec000-7f7a0bded000 r--p 0000a000 08:02 58982484                   /lib/x86_64-linux-gnu/libnss_files-2.23.so
7f7a0bded000-7f7a0bdee000 rw-p 0000b000 08:02 58982484                   /lib/x86_64-linux-gnu/libnss_files-2.23.so
7f7a0bdee000-7f7a0bdf4000 rw-p 00000000 00:00 0 
7f7a0bdf4000-7f7a0bdff000 r-xp 00000000 08:02 58982487                   /lib/x86_64-linux-gnu/libnss_nis-2.23.so
7f7a0bdff000-7f7a0bffe000 ---p 0000b000 08:02 58982487                   /lib/x86_64-linux-gnu/libnss_nis-2.23.so
7f7a0bffe000-7f7a0bfff000 r--p 0000a000 08:02 58982487                   /lib/x86_64-linux-gnu/libnss_nis-2.23.so
7f7a0bfff000-7f7a0c000000 rw-p 0000b000 08:02 58982487                   /lib/x86_64-linux-gnu/libnss_nis-2.23.so
7f7a0c000000-7f7a0c776000 rw-p 00000000 00:00 0 
7f7a0c776000-7f7a10000000 ---p 00000000 00:00 0 
7f7a10000000-7f7a10002000 r--s 00004000 08:02 7733587                    /home/tomek-s/.m2/repository/org/slf4j/log4j-over-slf4j/1.7.25/log4j-over-slf4j-1.7.25.jar
7f7a10002000-7f7a10004000 r--s 00000000 08:02 7733585                    /home/tomek-s/.m2/repository/org/slf4j/jul-to-slf4j/1.7.25/jul-to-slf4j-1.7.25.jar
7f7a10004000-7f7a1001f000 r--s 0020b000 08:02 23333236                   /usr/lib/jvm/java-8-oracle/jre/lib/deploy.jar
7f7a1001f000-7f7a10020000 ---p 00000000 00:00 0 
7f7a10020000-7f7a10120000 rw-p 00000000 00:00 0 
7f7a10120000-7f7a10136000 r-xp 00000000 08:02 58982414                   /lib/x86_64-linux-gnu/libnsl-2.23.so
7f7a10136000-7f7a10335000 ---p 00016000 08:02 58982414                   /lib/x86_64-linux-gnu/libnsl-2.23.so
7f7a10335000-7f7a10336000 r--p 00015000 08:02 58982414                   /lib/x86_64-linux-gnu/libnsl-2.23.so
7f7a10336000-7f7a10337000 rw-p 00016000 08:02 58982414                   /lib/x86_64-linux-gnu/libnsl-2.23.so
7f7a10337000-7f7a10339000 rw-p 00000000 00:00 0 
7f7a10339000-7f7a10341000 r-xp 00000000 08:02 58982493                   /lib/x86_64-linux-gnu/libnss_compat-2.23.so
7f7a10341000-7f7a10540000 ---p 00008000 08:02 58982493                   /lib/x86_64-linux-gnu/libnss_compat-2.23.so
7f7a10540000-7f7a10541000 r--p 00007000 08:02 58982493                   /lib/x86_64-linux-gnu/libnss_compat-2.23.so
7f7a10541000-7f7a10542000 rw-p 00008000 08:02 58982493                   /lib/x86_64-linux-gnu/libnss_compat-2.23.so
7f7a10542000-7f7a1054c000 r-xp 00000000 08:02 23464474                   /usr/lib/jvm/java-8-oracle/jre/lib/amd64/libinstrument.so
7f7a1054c000-7f7a1074b000 ---p 0000a000 08:02 23464474                   /usr/lib/jvm/java-8-oracle/jre/lib/amd64/libinstrument.so
7f7a1074b000-7f7a1074c000 rw-p 00009000 08:02 23464474                   /usr/lib/jvm/java-8-oracle/jre/lib/amd64/libinstrument.so
7f7a1074c000-7f7a10777000 r-xp 00000000 08:02 23464467                   /usr/lib/jvm/java-8-oracle/jre/lib/amd64/libjava.so
7f7a10777000-7f7a10976000 ---p 0002b000 08:02 23464467                   /usr/lib/jvm/java-8-oracle/jre/lib/amd64/libjava.so
7f7a10976000-7f7a10978000 rw-p 0002a000 08:02 23464467                   /usr/lib/jvm/java-8-oracle/jre/lib/amd64/libjava.so
7f7a10978000-7f7a10985000 r-xp 00000000 08:02 23462993                   /usr/lib/jvm/java-8-oracle/jre/lib/amd64/libverify.so
7f7a10985000-7f7a10b85000 ---p 0000d000 08:02 23462993                   /usr/lib/jvm/java-8-oracle/jre/lib/amd64/libverify.so
7f7a10b85000-7f7a10b87000 rw-p 0000d000 08:02 23462993                   /usr/lib/jvm/java-8-oracle/jre/lib/amd64/libverify.so
7f7a10b87000-7f7a10b8e000 r-xp 00000000 08:02 58982489                   /lib/x86_64-linux-gnu/librt-2.23.so
7f7a10b8e000-7f7a10d8d000 ---p 00007000 08:02 58982489                   /lib/x86_64-linux-gnu/librt-2.23.so
7f7a10d8d000-7f7a10d8e000 r--p 00006000 08:02 58982489                   /lib/x86_64-linux-gnu/librt-2.23.so
7f7a10d8e000-7f7a10d8f000 rw-p 00007000 08:02 58982489                   /lib/x86_64-linux-gnu/librt-2.23.so
7f7a10d8f000-7f7a10e97000 r-xp 00000000 08:02 58982498                   /lib/x86_64-linux-gnu/libm-2.23.so
7f7a10e97000-7f7a11096000 ---p 00108000 08:02 58982498                   /lib/x86_64-linux-gnu/libm-2.23.so
7f7a11096000-7f7a11097000 r--p 00107000 08:02 58982498                   /lib/x86_64-linux-gnu/libm-2.23.so
7f7a11097000-7f7a11098000 rw-p 00108000 08:02 58982498                   /lib/x86_64-linux-gnu/libm-2.23.so
7f7a11098000-7f7a11d6b000 r-xp 00000000 08:02 23595368                   /usr/lib/jvm/java-8-oracle/jre/lib/amd64/server/libjvm.so
7f7a11d6b000-7f7a11f6a000 ---p 00cd3000 08:02 23595368                   /usr/lib/jvm/java-8-oracle/jre/lib/amd64/server/libjvm.so
7f7a11f6a000-7f7a12044000 rw-p 00cd2000 08:02 23595368                   /usr/lib/jvm/java-8-oracle/jre/lib/amd64/server/libjvm.so
7f7a12044000-7f7a1208f000 rw-p 00000000 00:00 0 
7f7a1208f000-7f7a1224f000 r-xp 00000000 08:02 58986689                   /lib/x86_64-linux-gnu/libc-2.23.so
7f7a1224f000-7f7a1244f000 ---p 001c0000 08:02 58986689                   /lib/x86_64-linux-gnu/libc-2.23.so
7f7a1244f000-7f7a12453000 r--p 001c0000 08:02 58986689                   /lib/x86_64-linux-gnu/libc-2.23.so
7f7a12453000-7f7a12455000 rw-p 001c4000 08:02 58986689                   /lib/x86_64-linux-gnu/libc-2.23.so
7f7a12455000-7f7a12459000 rw-p 00000000 00:00 0 
7f7a12459000-7f7a1245c000 r-xp 00000000 08:02 58982492                   /lib/x86_64-linux-gnu/libdl-2.23.so
7f7a1245c000-7f7a1265b000 ---p 00003000 08:02 58982492                   /lib/x86_64-linux-gnu/libdl-2.23.so
7f7a1265b000-7f7a1265c000 r--p 00002000 08:02 58982492                   /lib/x86_64-linux-gnu/libdl-2.23.so
7f7a1265c000-7f7a1265d000 rw-p 00003000 08:02 58982492                   /lib/x86_64-linux-gnu/libdl-2.23.so
7f7a1265d000-7f7a12672000 r-xp 00000000 08:02 22810840                   /usr/lib/jvm/java-8-oracle/lib/amd64/jli/libjli.so
7f7a12672000-7f7a12872000 ---p 00015000 08:02 22810840                   /usr/lib/jvm/java-8-oracle/lib/amd64/jli/libjli.so
7f7a12872000-7f7a12873000 rw-p 00015000 08:02 22810840                   /usr/lib/jvm/java-8-oracle/lib/amd64/jli/libjli.so
7f7a12873000-7f7a1288b000 r-xp 00000000 08:02 58982486                   /lib/x86_64-linux-gnu/libpthread-2.23.so
7f7a1288b000-7f7a12a8a000 ---p 00018000 08:02 58982486                   /lib/x86_64-linux-gnu/libpthread-2.23.so
7f7a12a8a000-7f7a12a8b000 r--p 00017000 08:02 58982486                   /lib/x86_64-linux-gnu/libpthread-2.23.so
7f7a12a8b000-7f7a12a8c000 rw-p 00018000 08:02 58982486                   /lib/x86_64-linux-gnu/libpthread-2.23.so
7f7a12a8c000-7f7a12a90000 rw-p 00000000 00:00 0 
7f7a12a90000-7f7a12ab6000 r-xp 00000000 08:02 58982417                   /lib/x86_64-linux-gnu/ld-2.23.so
7f7a12ab6000-7f7a12ab7000 r--s 00000000 08:02 7733570                    /home/tomek-s/.m2/repository/org/springframework/boot/spring-boot-starter-logging/1.5.7.RELEASE/spring-boot-starter-logging-1.5.7.RELEASE.jar
7f7a12ab7000-7f7a12ab8000 r--s 00000000 08:02 7604499                    /home/tomek-s/.m2/repository/org/springframework/boot/spring-boot-starter/1.5.7.RELEASE/spring-boot-starter-1.5.7.RELEASE.jar
7f7a12ab8000-7f7a12ab9000 r--s 00000000 08:02 7604501                    /home/tomek-s/.m2/repository/org/springframework/boot/spring-boot-starter-web/1.5.7.RELEASE/spring-boot-starter-web-1.5.7.RELEASE.jar
7f7a12ab9000-7f7a12abb000 r--s 00007000 08:02 23333226                   /usr/lib/jvm/java-8-oracle/jre/lib/jfxswt.jar
7f7a12abb000-7f7a12ac5000 r--s 0006c000 08:02 23333235                   /usr/lib/jvm/java-8-oracle/jre/lib/javaws.jar
7f7a12ac5000-7f7a12b96000 rw-p 00000000 00:00 0 
7f7a12b96000-7f7a12b99000 ---p 00000000 00:00 0 
7f7a12b99000-7f7a12c9b000 rw-p 00000000 00:00 0 
7f7a12c9b000-7f7a12c9c000 r--s 00000000 08:02 23333227                   /usr/lib/jvm/java-8-oracle/jre/lib/management-agent.jar
7f7a12c9c000-7f7a12ca1000 r--s 00084000 08:02 23333233                   /usr/lib/jvm/java-8-oracle/jre/lib/jfr.jar
7f7a12ca1000-7f7a12ca4000 r--s 0001a000 08:02 23333245                   /usr/lib/jvm/java-8-oracle/jre/lib/jce.jar
7f7a12ca4000-7f7a12ca9000 r--s 002f9000 08:02 23333202                   /usr/lib/jvm/java-8-oracle/jre/lib/charsets.jar
7f7a12ca9000-7f7a12cb1000 rw-s 00000000 08:02 58064935                   /tmp/hsperfdata_tomek-s/10027
7f7a12cb1000-7f7a12cb2000 rw-p 00000000 00:00 0 
7f7a12cb2000-7f7a12cb3000 r--p 00000000 00:00 0 
7f7a12cb3000-7f7a12cb5000 rw-p 00000000 00:00 0 
7f7a12cb5000-7f7a12cb6000 r--p 00025000 08:02 58982417                   /lib/x86_64-linux-gnu/ld-2.23.so
7f7a12cb6000-7f7a12cb7000 rw-p 00026000 08:02 58982417                   /lib/x86_64-linux-gnu/ld-2.23.so
7f7a12cb7000-7f7a12cb8000 rw-p 00000000 00:00 0 
7fff836f3000-7fff83716000 rw-p 00000000 00:00 0                          [stack]
7fff83757000-7fff83759000 r--p 00000000 00:00 0                          [vvar]
7fff83759000-7fff8375b000 r-xp 00000000 00:00 0                          [vdso]
ffffffffff600000-ffffffffff601000 r-xp 00000000 00:00 0                  [vsyscall]

VM Arguments:
jvm_args: -javaagent:/home/tomek-s/Intellij/lib/idea_rt.jar=34832:/home/tomek-s/Intellij/bin -Dfile.encoding=UTF-8 
java_command: sawkiewicz.task1.Task1Application
java_class_path (initial): /usr/lib/jvm/java-8-oracle/jre/lib/charsets.jar:/usr/lib/jvm/java-8-oracle/jre/lib/deploy.jar:/usr/lib/jvm/java-8-oracle/jre/lib/ext/cldrdata.jar:/usr/lib/jvm/java-8-oracle/jre/lib/ext/dnsns.jar:/usr/lib/jvm/java-8-oracle/jre/lib/ext/jaccess.jar:/usr/lib/jvm/java-8-oracle/jre/lib/ext/jfxrt.jar:/usr/lib/jvm/java-8-oracle/jre/lib/ext/localedata.jar:/usr/lib/jvm/java-8-oracle/jre/lib/ext/nashorn.jar:/usr/lib/jvm/java-8-oracle/jre/lib/ext/sunec.jar:/usr/lib/jvm/java-8-oracle/jre/lib/ext/sunjce_provider.jar:/usr/lib/jvm/java-8-oracle/jre/lib/ext/sunpkcs11.jar:/usr/lib/jvm/java-8-oracle/jre/lib/ext/zipfs.jar:/usr/lib/jvm/java-8-oracle/jre/lib/javaws.jar:/usr/lib/jvm/java-8-oracle/jre/lib/jce.jar:/usr/lib/jvm/java-8-oracle/jre/lib/jfr.jar:/usr/lib/jvm/java-8-oracle/jre/lib/jfxswt.jar:/usr/lib/jvm/java-8-oracle/jre/lib/jsse.jar:/usr/lib/jvm/java-8-oracle/jre/lib/management-agent.jar:/usr/lib/jvm/java-8-oracle/jre/lib/plugin.jar:/usr/lib/jvm/java-8-oracle/jre/lib/resources.jar:/usr/lib/jvm/java-8-oracle/jre/lib/rt.jar:/home/tomek-s/IdeaProjects/Task1/target/classes:/home/tomek-s/.m2/repository/org/springframework/boot/spring-boot-starter-web/1.5.7.RELEASE/spring-boot-starter-web-1.5.7.RELEASE.jar:/home/tomek-s/.m2/repository/org/springframework/boot/spring-boot-starter/1.5.7.RELEASE/spring-boot-starter-1.5.7.RELEASE.jar:/home/tomek-s/.m2/repository/org/springframework/boot/spring-boot/1.5.7.RELEASE/spring-boot-1.5.7.RELEASE.jar:/home/tomek-s/.m2/repository/org/springframework/boot/spring-boot-autoconfigure/1.5.7.RELEASE/spring-boot-autoconfigure-1.5.7.RELEASE.jar:/home/tomek-s/.m2/repository/org/springframework/boot/spring-boot-starter-logging/1.5.7.RELEASE/spring-boot-starter-logging-1.5.7.RELEASE.jar:/home/tomek-s/.m2/repository/ch/qos/logback/logback-classic/1.1.11/logback-classic-1.1.11.jar:/home/tomek-s/.m2/repository/ch/qos/logback/logback-core/1.1.11/logback-core-1.1.11.jar:/home/tomek-s/.m2/repository/org/slf4j/jul-to-slf4j/1.7.25/jul-to-
Launcher Type: SUN_STANDARD

Environment Variables:
JAVA_HOME=/usr/lib/jvm/java-8-oracle
PATH=/home/tomek-s/bin:/home/tomek-s/.local/bin:/usr/local/sbin:/usr/local/bin:/usr/sbin:/usr/bin:/sbin:/bin:/usr/games:/usr/local/games:/snap/bin:/usr/lib/jvm/java-8-oracle/bin:/usr/lib/jvm/java-8-oracle/db/bin:/usr/lib/jvm/java-8-oracle/jre/bin
LD_LIBRARY_PATH=/home/tomek-s/Intellij/bin:
SHELL=/bin/bash
DISPLAY=:0

Signal Handlers:
SIGSEGV: [libjvm.so+0xacba10], sa_mask[0]=11111111011111111101111111111110, sa_flags=SA_RESTART|SA_SIGINFO
SIGBUS: [libjvm.so+0xacba10], sa_mask[0]=11111111011111111101111111111110, sa_flags=SA_RESTART|SA_SIGINFO
SIGFPE: [libjvm.so+0x924ba0], sa_mask[0]=11111111011111111101111111111110, sa_flags=SA_RESTART|SA_SIGINFO
SIGPIPE: [libjvm.so+0x924ba0], sa_mask[0]=11111111011111111101111111111110, sa_flags=SA_RESTART|SA_SIGINFO
SIGXFSZ: [libjvm.so+0x924ba0], sa_mask[0]=11111111011111111101111111111110, sa_flags=SA_RESTART|SA_SIGINFO
SIGILL: [libjvm.so+0x924ba0], sa_mask[0]=11111111011111111101111111111110, sa_flags=SA_RESTART|SA_SIGINFO
SIGUSR1: SIG_DFL, sa_mask[0]=00000000000000000000000000000000, sa_flags=none
SIGUSR2: [libjvm.so+0x9263e0], sa_mask[0]=00100000000000000000000000000000, sa_flags=SA_RESTART|SA_SIGINFO
SIGHUP: [libjvm.so+0x9277e0], sa_mask[0]=11111111011111111101111111111110, sa_flags=SA_RESTART|SA_SIGINFO
SIGINT: [libjvm.so+0x9277e0], sa_mask[0]=11111111011111111101111111111110, sa_flags=SA_RESTART|SA_SIGINFO
SIGTERM: [libjvm.so+0x9277e0], sa_mask[0]=11111111011111111101111111111110, sa_flags=SA_RESTART|SA_SIGINFO
SIGQUIT: [libjvm.so+0x9277e0], sa_mask[0]=11111111011111111101111111111110, sa_flags=SA_RESTART|SA_SIGINFO


---------------  S Y S T E M  ---------------

OS:DISTRIB_ID=Ubuntu
DISTRIB_RELEASE=16.04
DISTRIB_CODENAME=xenial
DISTRIB_DESCRIPTION="Ubuntu 16.04.3 LTS"

uname:Linux 4.4.0-96-generic #119-Ubuntu SMP Tue Sep 12 14:59:54 UTC 2017 x86_64
libc:glibc 2.23 NPTL 2.23 
rlimit: STACK 8192k, CORE 0k, NPROC 31176, NOFILE 1048576, AS infinity
load average:0,53 0,86 0,84

/proc/meminfo:
MemTotal:        8087316 kB
MemFree:          858332 kB
MemAvailable:    1899676 kB
Buffers:           57632 kB
Cached:          2036740 kB
SwapCached:          192 kB
Active:          5330488 kB
Inactive:        1523964 kB
Active(anon):    4575208 kB
Inactive(anon):  1092320 kB
Active(file):     755280 kB
Inactive(file):   431644 kB
Unevictable:          32 kB
Mlocked:              32 kB
SwapTotal:       8300540 kB
SwapFree:        8296580 kB
Dirty:             19456 kB
Writeback:             0 kB
AnonPages:       4760068 kB
Mapped:           872628 kB
Shmem:            907448 kB
Slab:             208672 kB
SReclaimable:     155616 kB
SUnreclaim:        53056 kB
KernelStack:       14752 kB
PageTables:        71968 kB
NFS_Unstable:          0 kB
Bounce:                0 kB
WritebackTmp:          0 kB
CommitLimit:    12344196 kB
Committed_AS:   14043476 kB
VmallocTotal:   34359738367 kB
VmallocUsed:           0 kB
VmallocChunk:          0 kB
HardwareCorrupted:     0 kB
AnonHugePages:   1478656 kB
CmaTotal:              0 kB
CmaFree:               0 kB
HugePages_Total:       0
HugePages_Free:        0
HugePages_Rsvd:        0
HugePages_Surp:        0
Hugepagesize:       2048 kB
DirectMap4k:      216000 kB
DirectMap2M:     8085504 kB
DirectMap1G:     1048576 kB


CPU:total 4 (initial active 4) (2 cores per cpu, 2 threads per core) family 6 model 61 stepping 4, cmov, cx8, fxsr, mmx, sse, sse2, sse3, ssse3, sse4.1, sse4.2, popcnt, avx, avx2, aes, clmul, erms, 3dnowpref, lzcnt, ht, tsc, tscinvbit, bmi1, bmi2, adx

/proc/cpuinfo:
processor	: 0
vendor_id	: GenuineIntel
cpu family	: 6
model		: 61
model name	: Intel(R) Core(TM) i7-5500U CPU @ 2.40GHz
stepping	: 4
microcode	: 0x25
cpu MHz		: 2899.968
cache size	: 4096 KB
physical id	: 0
siblings	: 4
core id		: 0
cpu cores	: 2
apicid		: 0
initial apicid	: 0
fpu		: yes
fpu_exception	: yes
cpuid level	: 20
wp		: yes
flags		: fpu vme de pse tsc msr pae mce cx8 apic sep mtrr pge mca cmov pat pse36 clflush dts acpi mmx fxsr sse sse2 ss ht tm pbe syscall nx pdpe1gb rdtscp lm constant_tsc arch_perfmon pebs bts rep_good nopl xtopology nonstop_tsc aperfmperf eagerfpu pni pclmulqdq dtes64 monitor ds_cpl vmx est tm2 ssse3 sdbg fma cx16 xtpr pdcm pcid sse4_1 sse4_2 x2apic movbe popcnt tsc_deadline_timer aes xsave avx f16c rdrand lahf_lm abm 3dnowprefetch epb intel_pt tpr_shadow vnmi flexpriority ept vpid fsgsbase tsc_adjust bmi1 avx2 smep bmi2 erms invpcid rdseed adx smap xsaveopt dtherm ida arat pln pts
bugs		:
bogomips	: 4789.15
clflush size	: 64
cache_alignment	: 64
address sizes	: 39 bits physical, 48 bits virtual
power management:

processor	: 1
vendor_id	: GenuineIntel
cpu family	: 6
model		: 61
model name	: Intel(R) Core(TM) i7-5500U CPU @ 2.40GHz
stepping	: 4
microcode	: 0x25
cpu MHz		: 2899.968
cache size	: 4096 KB
physical id	: 0
siblings	: 4
core id		: 1
cpu cores	: 2
apicid		: 2
initial apicid	: 2
fpu		: yes
fpu_exception	: yes
cpuid level	: 20
wp		: yes
flags		: fpu vme de pse tsc msr pae mce cx8 apic sep mtrr pge mca cmov pat pse36 clflush dts acpi mmx fxsr sse sse2 ss ht tm pbe syscall nx pdpe1gb rdtscp lm constant_tsc arch_perfmon pebs bts rep_good nopl xtopology nonstop_tsc aperfmperf eagerfpu pni pclmulqdq dtes64 monitor ds_cpl vmx est tm2 ssse3 sdbg fma cx16 xtpr pdcm pcid sse4_1 sse4_2 x2apic movbe popcnt tsc_deadline_timer aes xsave avx f16c rdrand lahf_lm abm 3dnowprefetch epb intel_pt tpr_shadow vnmi flexpriority ept vpid fsgsbase tsc_adjust bmi1 avx2 smep bmi2 erms invpcid rdseed adx smap xsaveopt dtherm ida arat pln pts
bugs		:
bogomips	: 4789.15
clflush size	: 64
cache_alignment	: 64
address sizes	: 39 bits physical, 48 bits virtual
power management:

processor	: 2
vendor_id	: GenuineIntel
cpu family	: 6
model		: 61
model name	: Intel(R) Core(TM) i7-5500U CPU @ 2.40GHz
stepping	: 4
microcode	: 0x25
cpu MHz		: 2899.968
cache size	: 4096 KB
physical id	: 0
siblings	: 4
core id		: 0
cpu cores	: 2
apicid		: 1
initial apicid	: 1
fpu		: yes
fpu_exception	: yes
cpuid level	: 20
wp		: yes
flags		: fpu vme de pse tsc msr pae mce cx8 apic sep mtrr pge mca cmov pat pse36 clflush dts acpi mmx fxsr sse sse2 ss ht tm pbe syscall nx pdpe1gb rdtscp lm constant_tsc arch_perfmon pebs bts rep_good nopl xtopology nonstop_tsc aperfmperf eagerfpu pni pclmulqdq dtes64 monitor ds_cpl vmx est tm2 ssse3 sdbg fma cx16 xtpr pdcm pcid sse4_1 sse4_2 x2apic movbe popcnt tsc_deadline_timer aes xsave avx f16c rdrand lahf_lm abm 3dnowprefetch epb intel_pt tpr_shadow vnmi flexpriority ept vpid fsgsbase tsc_adjust bmi1 avx2 smep bmi2 erms invpcid rdseed adx smap xsaveopt dtherm ida arat pln pts
bugs		:
bogomips	: 4789.15
clflush size	: 64
cache_alignment	: 64
address sizes	: 39 bits physical, 48 bits virtual
power management:

processor	: 3
vendor_id	: GenuineIntel
cpu family	: 6
model		: 61
model name	: Intel(R) Core(TM) i7-5500U CPU @ 2.40GHz
stepping	: 4
microcode	: 0x25
cpu MHz		: 2899.968
cache size	: 4096 KB
physical id	: 0
siblings	: 4
core id		: 1
cpu cores	: 2
apicid		: 3
initial apicid	: 3
fpu		: yes
fpu_exception	: yes
cpuid level	: 20
wp		: yes
flags		: fpu vme de pse tsc msr pae mce cx8 apic sep mtrr pge mca cmov pat pse36 clflush dts acpi mmx fxsr sse sse2 ss ht tm pbe syscall nx pdpe1gb rdtscp lm constant_tsc arch_perfmon pebs bts rep_good nopl xtopology nonstop_tsc aperfmperf eagerfpu pni pclmulqdq dtes64 monitor ds_cpl vmx est tm2 ssse3 sdbg fma cx16 xtpr pdcm pcid sse4_1 sse4_2 x2apic movbe popcnt tsc_deadline_timer aes xsave avx f16c rdrand lahf_lm abm 3dnowprefetch epb intel_pt tpr_shadow vnmi flexpriority ept vpid fsgsbase tsc_adjust bmi1 avx2 smep bmi2 erms invpcid rdseed adx smap xsaveopt dtherm ida arat pln pts
bugs		:
bogomips	: 4789.15
clflush size	: 64
cache_alignment	: 64
address sizes	: 39 bits physical, 48 bits virtual
power management:



Memory: 4k page, physical 8087316k(858332k free), swap 8300540k(8296580k free)

vm_info: Java HotSpot(TM) 64-Bit Server VM (25.144-b01) for linux-amd64 JRE (1.8.0_144-b01), built on Jul 21 2017 21:57:33 by "java_re" with gcc 4.3.0 20080428 (Red Hat 4.3.0-8)

time: Wed Oct 11 13:01:52 2017
elapsed time: 0 seconds (0d 0h 0m 0s)

